2025-02-03T00:19:28.760+03:00  INFO 10248 --- [restartedMain] c.v.v.VectorServiceApplication           : Starting VectorServiceApplication using Java 17.0.13 with PID 10248 (C:\Users\hovoe\IdeaProjects\Java 2025 Spring\vector-service\target\classes started by hovoe in C:\Users\hovoe\IdeaProjects\Java 2025 Spring\vector-service)
2025-02-03T00:19:28.768+03:00  INFO 10248 --- [restartedMain] c.v.v.VectorServiceApplication           : No active profile set, falling back to 1 default profile: "default"
2025-02-03T00:19:28.839+03:00  INFO 10248 --- [restartedMain] .e.DevToolsPropertyDefaultsPostProcessor : Devtools property defaults active! Set 'spring.devtools.add-properties' to 'false' to disable
2025-02-03T00:19:28.840+03:00  INFO 10248 --- [restartedMain] .e.DevToolsPropertyDefaultsPostProcessor : For additional web related logging consider setting the 'logging.level.web' property to 'DEBUG'
2025-02-03T00:19:29.584+03:00  WARN 10248 --- [restartedMain] ConfigServletWebServerApplicationContext : Exception encountered during context initialization - cancelling refresh attempt: org.springframework.beans.factory.support.BeanDefinitionOverrideException: Invalid bean definition with name 'passwordEncoder' defined in class path resource [com/vector/vectorservice/config/PasswordEncoder.class]: Cannot register bean definition [Root bean: class=null; scope=; abstract=false; lazyInit=null; autowireMode=3; dependencyCheck=0; autowireCandidate=true; primary=false; fallback=false; factoryBeanName=passwordEncoder; factoryMethodName=passwordEncoder; initMethodNames=null; destroyMethodNames=[(inferred)]; defined in class path resource [com/vector/vectorservice/config/PasswordEncoder.class]] for bean 'passwordEncoder' since there is already [Generic bean: class=com.vector.vectorservice.config.PasswordEncoder; scope=singleton; abstract=false; lazyInit=null; autowireMode=0; dependencyCheck=0; autowireCandidate=true; primary=false; fallback=false; factoryBeanName=null; factoryMethodName=null; initMethodNames=null; destroyMethodNames=null; defined in file [C:\Users\hovoe\IdeaProjects\Java 2025 Spring\vector-service\target\classes\com\vector\vectorservice\config\PasswordEncoder.class]] bound.
2025-02-03T00:19:29.591+03:00  INFO 10248 --- [restartedMain] .s.b.a.l.ConditionEvaluationReportLogger : 

Error starting ApplicationContext. To display the condition evaluation report re-run your application with 'debug' enabled.
2025-02-03T00:19:29.629+03:00 ERROR 10248 --- [restartedMain] o.s.b.d.LoggingFailureAnalysisReporter   : 

***************************
APPLICATION FAILED TO START
***************************

Description:

The bean 'passwordEncoder', defined in class path resource [com/vector/vectorservice/config/PasswordEncoder.class], could not be registered. A bean with that name has already been defined in file [C:\Users\hovoe\IdeaProjects\Java 2025 Spring\vector-service\target\classes\com\vector\vectorservice\config\PasswordEncoder.class] and overriding is disabled.

Action:

Consider renaming one of the beans or enabling overriding by setting spring.main.allow-bean-definition-overriding=true

2025-02-03T00:23:51.716+03:00  INFO 3204 --- [restartedMain] c.v.v.VectorServiceApplication           : Starting VectorServiceApplication using Java 17.0.13 with PID 3204 (C:\Users\hovoe\IdeaProjects\Java 2025 Spring\vector-service\target\classes started by hovoe in C:\Users\hovoe\IdeaProjects\Java 2025 Spring\vector-service)
2025-02-03T00:23:51.721+03:00  INFO 3204 --- [restartedMain] c.v.v.VectorServiceApplication           : No active profile set, falling back to 1 default profile: "default"
2025-02-03T00:23:51.782+03:00  INFO 3204 --- [restartedMain] .e.DevToolsPropertyDefaultsPostProcessor : Devtools property defaults active! Set 'spring.devtools.add-properties' to 'false' to disable
2025-02-03T00:23:51.782+03:00  INFO 3204 --- [restartedMain] .e.DevToolsPropertyDefaultsPostProcessor : For additional web related logging consider setting the 'logging.level.web' property to 'DEBUG'
2025-02-03T00:23:52.845+03:00  INFO 3204 --- [restartedMain] .s.d.r.c.RepositoryConfigurationDelegate : Bootstrapping Spring Data JPA repositories in DEFAULT mode.
2025-02-03T00:23:52.927+03:00  INFO 3204 --- [restartedMain] .s.d.r.c.RepositoryConfigurationDelegate : Finished Spring Data repository scanning in 72 ms. Found 5 JPA repository interfaces.
2025-02-03T00:23:53.683+03:00  INFO 3204 --- [restartedMain] o.s.b.w.embedded.tomcat.TomcatWebServer  : Tomcat initialized with port 8080 (http)
2025-02-03T00:23:53.698+03:00  INFO 3204 --- [restartedMain] o.apache.catalina.core.StandardService   : Starting service [Tomcat]
2025-02-03T00:23:53.699+03:00  INFO 3204 --- [restartedMain] o.apache.catalina.core.StandardEngine    : Starting Servlet engine: [Apache Tomcat/10.1.34]
2025-02-03T00:23:53.774+03:00  INFO 3204 --- [restartedMain] o.a.c.c.C.[Tomcat].[localhost].[/]       : Initializing Spring embedded WebApplicationContext
2025-02-03T00:23:53.774+03:00  INFO 3204 --- [restartedMain] w.s.c.ServletWebServerApplicationContext : Root WebApplicationContext: initialization completed in 1991 ms
2025-02-03T00:23:53.980+03:00  INFO 3204 --- [restartedMain] com.zaxxer.hikari.HikariDataSource       : HikariPool-1 - Starting...
2025-02-03T00:23:54.479+03:00  INFO 3204 --- [restartedMain] com.zaxxer.hikari.pool.HikariPool        : HikariPool-1 - Added connection com.mysql.cj.jdbc.ConnectionImpl@13dc36f9
2025-02-03T00:23:54.482+03:00  INFO 3204 --- [restartedMain] com.zaxxer.hikari.HikariDataSource       : HikariPool-1 - Start completed.
2025-02-03T00:23:55.158+03:00  INFO 3204 --- [restartedMain] liquibase.changelog                      : Reading resource: db/changelog/0001-create-user-table.xml
2025-02-03T00:23:55.185+03:00  INFO 3204 --- [restartedMain] liquibase.changelog                      : Reading resource: db/changelog/0002-create-category-table.xml
2025-02-03T00:23:55.199+03:00  INFO 3204 --- [restartedMain] liquibase.changelog                      : Reading resource: db/changelog/0003-create-service-table.xml
2025-02-03T00:23:55.210+03:00  INFO 3204 --- [restartedMain] liquibase.changelog                      : Reading resource: db/changelog/0004-create-product-table.xml
2025-02-03T00:23:55.220+03:00  INFO 3204 --- [restartedMain] liquibase.changelog                      : Reading resource: db/changelog/0005-create-order-table.xml
2025-02-03T00:23:55.298+03:00  INFO 3204 --- [restartedMain] liquibase.changelog                      : Creating database history table with name: vector_service.databasechangelog
2025-02-03T00:23:55.503+03:00  INFO 3204 --- [restartedMain] liquibase.changelog                      : Reading from vector_service.databasechangelog
2025-02-03T00:23:55.696+03:00  INFO 3204 --- [restartedMain] liquibase.lockservice                    : Successfully acquired change log lock
2025-02-03T00:23:55.697+03:00  INFO 3204 --- [restartedMain] liquibase.command                        : Using deploymentId: 8531435697
2025-02-03T00:23:55.700+03:00  INFO 3204 --- [restartedMain] liquibase.changelog                      : Reading from vector_service.databasechangelog
2025-02-03T00:23:55.763+03:00  INFO 3204 --- [restartedMain] liquibase.ui                             : Running Changeset: db/changelog/0001-create-user-table.xml::0001-create-user-table::hyeghikyan
2025-02-03T00:23:55.768+03:00  INFO 3204 --- [restartedMain] liquibase.snapshot                       : Creating snapshot
2025-02-03T00:23:55.843+03:00  INFO 3204 --- [restartedMain] liquibase.changelog                      : Table user created
2025-02-03T00:23:55.848+03:00  INFO 3204 --- [restartedMain] liquibase.changelog                      : ChangeSet db/changelog/0001-create-user-table.xml::0001-create-user-table::hyeghikyan ran successfully in 82ms
2025-02-03T00:23:55.873+03:00  INFO 3204 --- [restartedMain] liquibase.ui                             : Running Changeset: db/changelog/0002-create-category-table.xml::0002-create-category-table.xml::hyeghikyan
2025-02-03T00:23:55.879+03:00  INFO 3204 --- [restartedMain] liquibase.snapshot                       : Creating snapshot
2025-02-03T00:23:55.930+03:00  INFO 3204 --- [restartedMain] liquibase.changelog                      : Table category created
2025-02-03T00:23:55.932+03:00  INFO 3204 --- [restartedMain] liquibase.changelog                      : ChangeSet db/changelog/0002-create-category-table.xml::0002-create-category-table.xml::hyeghikyan ran successfully in 58ms
2025-02-03T00:23:55.952+03:00  INFO 3204 --- [restartedMain] liquibase.ui                             : Running Changeset: db/changelog/0003-create-service-table.xml::0003-create-service-table.xml::hyeghikyan
2025-02-03T00:23:55.960+03:00  INFO 3204 --- [restartedMain] liquibase.snapshot                       : Creating snapshot
2025-02-03T00:23:56.046+03:00  INFO 3204 --- [restartedMain] liquibase.changelog                      : Table service created
2025-02-03T00:23:56.048+03:00  INFO 3204 --- [restartedMain] liquibase.changelog                      : ChangeSet db/changelog/0003-create-service-table.xml::0003-create-service-table.xml::hyeghikyan ran successfully in 94ms
2025-02-03T00:23:56.059+03:00  INFO 3204 --- [restartedMain] liquibase.ui                             : Running Changeset: db/changelog/0004-create-product-table.xml::0004-create-product-table.xml::hyeghikyan
2025-02-03T00:23:56.073+03:00  INFO 3204 --- [restartedMain] liquibase.snapshot                       : Creating snapshot
2025-02-03T00:23:56.155+03:00  INFO 3204 --- [restartedMain] liquibase.changelog                      : Table product created
2025-02-03T00:23:56.157+03:00  INFO 3204 --- [restartedMain] liquibase.changelog                      : ChangeSet db/changelog/0004-create-product-table.xml::0004-create-product-table.xml::hyeghikyan ran successfully in 97ms
2025-02-03T00:23:56.170+03:00  INFO 3204 --- [restartedMain] liquibase.ui                             : Running Changeset: db/changelog/0005-create-order-table.xml::0005-create-order-table.xml::hyeghikyan
2025-02-03T00:23:56.174+03:00  INFO 3204 --- [restartedMain] liquibase.snapshot                       : Creating snapshot
2025-02-03T00:23:56.300+03:00  INFO 3204 --- [restartedMain] liquibase.changelog                      : Table order created
2025-02-03T00:23:56.303+03:00  INFO 3204 --- [restartedMain] liquibase.changelog                      : ChangeSet db/changelog/0005-create-order-table.xml::0005-create-order-table.xml::hyeghikyan ran successfully in 132ms
2025-02-03T00:23:56.325+03:00  INFO 3204 --- [restartedMain] liquibase.util                           : UPDATE SUMMARY
2025-02-03T00:23:56.326+03:00  INFO 3204 --- [restartedMain] liquibase.util                           : Run:                          5
2025-02-03T00:23:56.327+03:00  INFO 3204 --- [restartedMain] liquibase.util                           : Previously run:               0
2025-02-03T00:23:56.327+03:00  INFO 3204 --- [restartedMain] liquibase.util                           : Filtered out:                 0
2025-02-03T00:23:56.327+03:00  INFO 3204 --- [restartedMain] liquibase.util                           : -------------------------------
2025-02-03T00:23:56.327+03:00  INFO 3204 --- [restartedMain] liquibase.util                           : Total change sets:            5
2025-02-03T00:23:56.331+03:00  INFO 3204 --- [restartedMain] liquibase.util                           : Update summary generated
2025-02-03T00:23:56.336+03:00  INFO 3204 --- [restartedMain] liquibase.command                        : Update command completed successfully.
2025-02-03T00:23:56.336+03:00  INFO 3204 --- [restartedMain] liquibase.ui                             : Liquibase: Update has been successful. Rows affected: 5
2025-02-03T00:23:56.353+03:00  INFO 3204 --- [restartedMain] liquibase.lockservice                    : Successfully released change log lock
2025-02-03T00:23:56.355+03:00  INFO 3204 --- [restartedMain] liquibase.command                        : Command execution complete
2025-02-03T00:23:56.447+03:00  INFO 3204 --- [restartedMain] o.hibernate.jpa.internal.util.LogHelper  : HHH000204: Processing PersistenceUnitInfo [name: default]
2025-02-03T00:23:56.560+03:00  INFO 3204 --- [restartedMain] org.hibernate.Version                    : HHH000412: Hibernate ORM core version 6.6.5.Final
2025-02-03T00:23:56.634+03:00  INFO 3204 --- [restartedMain] o.h.c.internal.RegionFactoryInitiator    : HHH000026: Second-level cache disabled
2025-02-03T00:23:57.039+03:00  INFO 3204 --- [restartedMain] o.s.o.j.p.SpringPersistenceUnitInfo      : No LoadTimeWeaver setup: ignoring JPA class transformer
2025-02-03T00:23:57.152+03:00  INFO 3204 --- [restartedMain] org.hibernate.orm.connections.pooling    : HHH10001005: Database info:
	Database JDBC URL [Connecting through datasource 'HikariDataSource (HikariPool-1)']
	Database driver: undefined/unknown
	Database version: 8.0.36
	Autocommit mode: undefined/unknown
	Isolation level: undefined/unknown
	Minimum pool size: undefined/unknown
	Maximum pool size: undefined/unknown
2025-02-03T00:23:58.425+03:00  INFO 3204 --- [restartedMain] o.h.e.t.j.p.i.JtaPlatformInitiator       : HHH000489: No JTA platform available (set 'hibernate.transaction.jta.platform' to enable JTA platform integration)
2025-02-03T00:23:58.428+03:00  INFO 3204 --- [restartedMain] j.LocalContainerEntityManagerFactoryBean : Initialized JPA EntityManagerFactory for persistence unit 'default'
2025-02-03T00:23:58.898+03:00  WARN 3204 --- [restartedMain] o.thymeleaf.templatemode.TemplateMode    : [THYMELEAF][restartedMain] Unknown Template Mode 'HTML5'. Must be one of: 'HTML', 'XML', 'TEXT', 'JAVASCRIPT', 'CSS', 'RAW'. Using default Template Mode 'HTML'.
2025-02-03T00:23:58.935+03:00  WARN 3204 --- [restartedMain] JpaBaseConfiguration$JpaWebConfiguration : spring.jpa.open-in-view is enabled by default. Therefore, database queries may be performed during view rendering. Explicitly configure spring.jpa.open-in-view to disable this warning
2025-02-03T00:23:58.983+03:00  INFO 3204 --- [restartedMain] eAuthenticationProviderManagerConfigurer : Global AuthenticationManager configured with AuthenticationProvider bean with name authenticationProvider
2025-02-03T00:23:58.984+03:00  WARN 3204 --- [restartedMain] r$InitializeUserDetailsManagerConfigurer : Global AuthenticationManager configured with an AuthenticationProvider bean. UserDetailsService beans will not be used by Spring Security for automatically configuring username/password login. Consider removing the AuthenticationProvider bean. Alternatively, consider using the UserDetailsService in a manually instantiated DaoAuthenticationProvider. If the current configuration is intentional, to turn off this warning, increase the logging level of 'org.springframework.security.config.annotation.authentication.configuration.InitializeUserDetailsBeanManagerConfigurer' to ERROR
2025-02-03T00:23:59.711+03:00  INFO 3204 --- [restartedMain] o.s.b.d.a.OptionalLiveReloadServer       : LiveReload server is running on port 35729
2025-02-03T00:23:59.751+03:00  INFO 3204 --- [restartedMain] o.s.b.w.embedded.tomcat.TomcatWebServer  : Tomcat started on port 8080 (http) with context path '/'
2025-02-03T00:23:59.762+03:00  INFO 3204 --- [restartedMain] c.v.v.VectorServiceApplication           : Started VectorServiceApplication in 8.882 seconds (process running for 9.896)
2025-02-03T00:25:49.521+03:00  INFO 3204 --- [http-nio-8080-exec-1] o.a.c.c.C.[Tomcat].[localhost].[/]       : Initializing Spring DispatcherServlet 'dispatcherServlet'
2025-02-03T00:25:49.521+03:00  INFO 3204 --- [http-nio-8080-exec-1] o.s.web.servlet.DispatcherServlet        : Initializing Servlet 'dispatcherServlet'
2025-02-03T00:25:49.522+03:00  INFO 3204 --- [http-nio-8080-exec-1] o.s.web.servlet.DispatcherServlet        : Completed initialization in 1 ms
2025-02-03T00:25:50.124+03:00  WARN 3204 --- [http-nio-8080-exec-1] o.t.s.p.StandardIncludeTagProcessor      : [THYMELEAF][http-nio-8080-exec-1][home] Deprecated attribute {th:include,data-th-include} found in template home, line 11, col 59. Please use {th:insert,data-th-insert} instead, this deprecated attribute will be removed in future versions of Thymeleaf.
2025-02-03T00:25:50.128+03:00  WARN 3204 --- [http-nio-8080-exec-1] actStandardFragmentInsertionTagProcessor : [THYMELEAF][http-nio-8080-exec-1][home] Deprecated unwrapped fragment expression "fragment/fragments.html::language" found in template home, line 11, col 59. Please use the complete syntax of fragment expressions instead ("~{fragment/fragments.html::language}"). The old, unwrapped syntax for fragment expressions will be removed in future versions of Thymeleaf.
2025-02-03T00:25:53.674+03:00  WARN 3204 --- [http-nio-8080-exec-6] o.t.s.p.StandardIncludeTagProcessor      : [THYMELEAF][http-nio-8080-exec-6][home] Deprecated attribute {th:include,data-th-include} found in template home, line 11, col 59. Please use {th:insert,data-th-insert} instead, this deprecated attribute will be removed in future versions of Thymeleaf.
2025-02-03T00:25:53.674+03:00  WARN 3204 --- [http-nio-8080-exec-6] actStandardFragmentInsertionTagProcessor : [THYMELEAF][http-nio-8080-exec-6][home] Deprecated unwrapped fragment expression "fragment/fragments.html::language" found in template home, line 11, col 59. Please use the complete syntax of fragment expressions instead ("~{fragment/fragments.html::language}"). The old, unwrapped syntax for fragment expressions will be removed in future versions of Thymeleaf.
2025-02-03T00:25:54.773+03:00  WARN 3204 --- [http-nio-8080-exec-10] o.t.s.p.StandardIncludeTagProcessor      : [THYMELEAF][http-nio-8080-exec-10][home] Deprecated attribute {th:include,data-th-include} found in template home, line 11, col 59. Please use {th:insert,data-th-insert} instead, this deprecated attribute will be removed in future versions of Thymeleaf.
2025-02-03T00:25:54.774+03:00  WARN 3204 --- [http-nio-8080-exec-10] actStandardFragmentInsertionTagProcessor : [THYMELEAF][http-nio-8080-exec-10][home] Deprecated unwrapped fragment expression "fragment/fragments.html::language" found in template home, line 11, col 59. Please use the complete syntax of fragment expressions instead ("~{fragment/fragments.html::language}"). The old, unwrapped syntax for fragment expressions will be removed in future versions of Thymeleaf.
2025-02-03T00:25:55.680+03:00  WARN 3204 --- [http-nio-8080-exec-3] o.t.s.p.StandardIncludeTagProcessor      : [THYMELEAF][http-nio-8080-exec-3][home] Deprecated attribute {th:include,data-th-include} found in template home, line 11, col 59. Please use {th:insert,data-th-insert} instead, this deprecated attribute will be removed in future versions of Thymeleaf.
2025-02-03T00:25:55.680+03:00  WARN 3204 --- [http-nio-8080-exec-3] actStandardFragmentInsertionTagProcessor : [THYMELEAF][http-nio-8080-exec-3][home] Deprecated unwrapped fragment expression "fragment/fragments.html::language" found in template home, line 11, col 59. Please use the complete syntax of fragment expressions instead ("~{fragment/fragments.html::language}"). The old, unwrapped syntax for fragment expressions will be removed in future versions of Thymeleaf.
2025-02-03T00:26:01.849+03:00  WARN 3204 --- [http-nio-8080-exec-9] o.t.s.p.StandardIncludeTagProcessor      : [THYMELEAF][http-nio-8080-exec-9][loginPage] Deprecated attribute {th:include,data-th-include} found in template loginPage, line 10, col 47. Please use {th:insert,data-th-insert} instead, this deprecated attribute will be removed in future versions of Thymeleaf.
2025-02-03T00:26:01.850+03:00  WARN 3204 --- [http-nio-8080-exec-9] actStandardFragmentInsertionTagProcessor : [THYMELEAF][http-nio-8080-exec-9][loginPage] Deprecated unwrapped fragment expression "fragment/fragments.html::language" found in template loginPage, line 10, col 47. Please use the complete syntax of fragment expressions instead ("~{fragment/fragments.html::language}"). The old, unwrapped syntax for fragment expressions will be removed in future versions of Thymeleaf.
2025-02-03T00:26:09.393+03:00  WARN 3204 --- [http-nio-8080-exec-2] o.t.s.p.StandardIncludeTagProcessor      : [THYMELEAF][http-nio-8080-exec-2][loginPage] Deprecated attribute {th:include,data-th-include} found in template loginPage, line 10, col 47. Please use {th:insert,data-th-insert} instead, this deprecated attribute will be removed in future versions of Thymeleaf.
2025-02-03T00:26:09.393+03:00  WARN 3204 --- [http-nio-8080-exec-2] actStandardFragmentInsertionTagProcessor : [THYMELEAF][http-nio-8080-exec-2][loginPage] Deprecated unwrapped fragment expression "fragment/fragments.html::language" found in template loginPage, line 10, col 47. Please use the complete syntax of fragment expressions instead ("~{fragment/fragments.html::language}"). The old, unwrapped syntax for fragment expressions will be removed in future versions of Thymeleaf.
2025-02-03T00:26:10.564+03:00  WARN 3204 --- [http-nio-8080-exec-4] o.t.s.p.StandardIncludeTagProcessor      : [THYMELEAF][http-nio-8080-exec-4][register] Deprecated attribute {th:include,data-th-include} found in template register, line 14, col 86. Please use {th:insert,data-th-insert} instead, this deprecated attribute will be removed in future versions of Thymeleaf.
2025-02-03T00:26:10.566+03:00  WARN 3204 --- [http-nio-8080-exec-4] actStandardFragmentInsertionTagProcessor : [THYMELEAF][http-nio-8080-exec-4][register] Deprecated unwrapped fragment expression "fragment/fragments.html::language" found in template register, line 14, col 86. Please use the complete syntax of fragment expressions instead ("~{fragment/fragments.html::language}"). The old, unwrapped syntax for fragment expressions will be removed in future versions of Thymeleaf.
2025-02-03T00:26:35.942+03:00  INFO 3204 --- [http-nio-8080-exec-6] c.v.v.controller.UserController          : User with poxos@mail.ru email registered successfully
2025-02-03T00:26:35.964+03:00  WARN 3204 --- [http-nio-8080-exec-5] o.t.s.p.StandardIncludeTagProcessor      : [THYMELEAF][http-nio-8080-exec-5][loginPage] Deprecated attribute {th:include,data-th-include} found in template loginPage, line 10, col 47. Please use {th:insert,data-th-insert} instead, this deprecated attribute will be removed in future versions of Thymeleaf.
2025-02-03T00:26:35.964+03:00  WARN 3204 --- [http-nio-8080-exec-5] actStandardFragmentInsertionTagProcessor : [THYMELEAF][http-nio-8080-exec-5][loginPage] Deprecated unwrapped fragment expression "fragment/fragments.html::language" found in template loginPage, line 10, col 47. Please use the complete syntax of fragment expressions instead ("~{fragment/fragments.html::language}"). The old, unwrapped syntax for fragment expressions will be removed in future versions of Thymeleaf.
2025-02-03T00:26:40.708+03:00  WARN 3204 --- [http-nio-8080-exec-9] o.t.s.p.StandardIncludeTagProcessor      : [THYMELEAF][http-nio-8080-exec-9][register] Deprecated attribute {th:include,data-th-include} found in template register, line 14, col 86. Please use {th:insert,data-th-insert} instead, this deprecated attribute will be removed in future versions of Thymeleaf.
2025-02-03T00:26:40.709+03:00  WARN 3204 --- [http-nio-8080-exec-9] actStandardFragmentInsertionTagProcessor : [THYMELEAF][http-nio-8080-exec-9][register] Deprecated unwrapped fragment expression "fragment/fragments.html::language" found in template register, line 14, col 86. Please use the complete syntax of fragment expressions instead ("~{fragment/fragments.html::language}"). The old, unwrapped syntax for fragment expressions will be removed in future versions of Thymeleaf.
2025-02-03T00:27:10.108+03:00  WARN 3204 --- [http-nio-8080-exec-1] o.t.s.p.StandardIncludeTagProcessor      : [THYMELEAF][http-nio-8080-exec-1][home] Deprecated attribute {th:include,data-th-include} found in template home, line 11, col 59. Please use {th:insert,data-th-insert} instead, this deprecated attribute will be removed in future versions of Thymeleaf.
2025-02-03T00:27:10.109+03:00  WARN 3204 --- [http-nio-8080-exec-1] actStandardFragmentInsertionTagProcessor : [THYMELEAF][http-nio-8080-exec-1][home] Deprecated unwrapped fragment expression "fragment/fragments.html::language" found in template home, line 11, col 59. Please use the complete syntax of fragment expressions instead ("~{fragment/fragments.html::language}"). The old, unwrapped syntax for fragment expressions will be removed in future versions of Thymeleaf.
2025-02-03T00:27:11.642+03:00  WARN 3204 --- [http-nio-8080-exec-2] o.t.s.p.StandardIncludeTagProcessor      : [THYMELEAF][http-nio-8080-exec-2][loginPage] Deprecated attribute {th:include,data-th-include} found in template loginPage, line 10, col 47. Please use {th:insert,data-th-insert} instead, this deprecated attribute will be removed in future versions of Thymeleaf.
2025-02-03T00:27:11.644+03:00  WARN 3204 --- [http-nio-8080-exec-2] actStandardFragmentInsertionTagProcessor : [THYMELEAF][http-nio-8080-exec-2][loginPage] Deprecated unwrapped fragment expression "fragment/fragments.html::language" found in template loginPage, line 10, col 47. Please use the complete syntax of fragment expressions instead ("~{fragment/fragments.html::language}"). The old, unwrapped syntax for fragment expressions will be removed in future versions of Thymeleaf.
2025-02-03T00:27:13.538+03:00  WARN 3204 --- [http-nio-8080-exec-1] o.t.s.p.StandardIncludeTagProcessor      : [THYMELEAF][http-nio-8080-exec-1][register] Deprecated attribute {th:include,data-th-include} found in template register, line 14, col 86. Please use {th:insert,data-th-insert} instead, this deprecated attribute will be removed in future versions of Thymeleaf.
2025-02-03T00:27:13.539+03:00  WARN 3204 --- [http-nio-8080-exec-1] actStandardFragmentInsertionTagProcessor : [THYMELEAF][http-nio-8080-exec-1][register] Deprecated unwrapped fragment expression "fragment/fragments.html::language" found in template register, line 14, col 86. Please use the complete syntax of fragment expressions instead ("~{fragment/fragments.html::language}"). The old, unwrapped syntax for fragment expressions will be removed in future versions of Thymeleaf.
2025-02-03T00:28:47.166+03:00  INFO 3204 --- [http-nio-8080-exec-8] c.v.v.controller.UserController          : User with hovo.ghost@gmail.com email registered successfully
2025-02-03T00:28:47.182+03:00  WARN 3204 --- [http-nio-8080-exec-7] o.t.s.p.StandardIncludeTagProcessor      : [THYMELEAF][http-nio-8080-exec-7][loginPage] Deprecated attribute {th:include,data-th-include} found in template loginPage, line 10, col 47. Please use {th:insert,data-th-insert} instead, this deprecated attribute will be removed in future versions of Thymeleaf.
2025-02-03T00:28:47.182+03:00  WARN 3204 --- [http-nio-8080-exec-7] actStandardFragmentInsertionTagProcessor : [THYMELEAF][http-nio-8080-exec-7][loginPage] Deprecated unwrapped fragment expression "fragment/fragments.html::language" found in template loginPage, line 10, col 47. Please use the complete syntax of fragment expressions instead ("~{fragment/fragments.html::language}"). The old, unwrapped syntax for fragment expressions will be removed in future versions of Thymeleaf.
2025-02-03T00:29:02.094+03:00  WARN 3204 --- [http-nio-8080-exec-10] o.t.s.p.StandardIncludeTagProcessor      : [THYMELEAF][http-nio-8080-exec-10][home] Deprecated attribute {th:include,data-th-include} found in template home, line 11, col 59. Please use {th:insert,data-th-insert} instead, this deprecated attribute will be removed in future versions of Thymeleaf.
2025-02-03T00:29:02.095+03:00  WARN 3204 --- [http-nio-8080-exec-10] actStandardFragmentInsertionTagProcessor : [THYMELEAF][http-nio-8080-exec-10][home] Deprecated unwrapped fragment expression "fragment/fragments.html::language" found in template home, line 11, col 59. Please use the complete syntax of fragment expressions instead ("~{fragment/fragments.html::language}"). The old, unwrapped syntax for fragment expressions will be removed in future versions of Thymeleaf.
2025-02-03T00:29:05.374+03:00  WARN 3204 --- [http-nio-8080-exec-4] o.t.s.p.StandardIncludeTagProcessor      : [THYMELEAF][http-nio-8080-exec-4][loginPage] Deprecated attribute {th:include,data-th-include} found in template loginPage, line 10, col 47. Please use {th:insert,data-th-insert} instead, this deprecated attribute will be removed in future versions of Thymeleaf.
2025-02-03T00:29:05.375+03:00  WARN 3204 --- [http-nio-8080-exec-4] actStandardFragmentInsertionTagProcessor : [THYMELEAF][http-nio-8080-exec-4][loginPage] Deprecated unwrapped fragment expression "fragment/fragments.html::language" found in template loginPage, line 10, col 47. Please use the complete syntax of fragment expressions instead ("~{fragment/fragments.html::language}"). The old, unwrapped syntax for fragment expressions will be removed in future versions of Thymeleaf.
2025-02-03T00:29:42.307+03:00  INFO 3204 --- [SpringApplicationShutdownHook] o.s.b.w.e.tomcat.GracefulShutdown        : Commencing graceful shutdown. Waiting for active requests to complete
2025-02-03T00:29:42.493+03:00  INFO 3204 --- [tomcat-shutdown] o.s.b.w.e.tomcat.GracefulShutdown        : Graceful shutdown complete
2025-02-03T00:29:42.499+03:00  INFO 3204 --- [SpringApplicationShutdownHook] j.LocalContainerEntityManagerFactoryBean : Closing JPA EntityManagerFactory for persistence unit 'default'
2025-02-03T00:29:42.502+03:00  INFO 3204 --- [SpringApplicationShutdownHook] com.zaxxer.hikari.HikariDataSource       : HikariPool-1 - Shutdown initiated...
2025-02-03T00:29:42.510+03:00  INFO 3204 --- [SpringApplicationShutdownHook] com.zaxxer.hikari.HikariDataSource       : HikariPool-1 - Shutdown completed.
2025-02-03T00:31:19.825+03:00  INFO 13964 --- [restartedMain] c.v.v.VectorServiceApplication           : Starting VectorServiceApplication using Java 17.0.13 with PID 13964 (C:\Users\hovoe\IdeaProjects\Java 2025 Spring\vector-service\target\classes started by hovoe in C:\Users\hovoe\IdeaProjects\Java 2025 Spring\vector-service)
2025-02-03T00:31:19.829+03:00  INFO 13964 --- [restartedMain] c.v.v.VectorServiceApplication           : No active profile set, falling back to 1 default profile: "default"
2025-02-03T00:31:19.906+03:00  INFO 13964 --- [restartedMain] .e.DevToolsPropertyDefaultsPostProcessor : Devtools property defaults active! Set 'spring.devtools.add-properties' to 'false' to disable
2025-02-03T00:31:19.906+03:00  INFO 13964 --- [restartedMain] .e.DevToolsPropertyDefaultsPostProcessor : For additional web related logging consider setting the 'logging.level.web' property to 'DEBUG'
2025-02-03T00:31:21.073+03:00  INFO 13964 --- [restartedMain] .s.d.r.c.RepositoryConfigurationDelegate : Bootstrapping Spring Data JPA repositories in DEFAULT mode.
2025-02-03T00:31:21.179+03:00  INFO 13964 --- [restartedMain] .s.d.r.c.RepositoryConfigurationDelegate : Finished Spring Data repository scanning in 91 ms. Found 5 JPA repository interfaces.
2025-02-03T00:31:21.892+03:00  INFO 13964 --- [restartedMain] o.s.b.w.embedded.tomcat.TomcatWebServer  : Tomcat initialized with port 8080 (http)
2025-02-03T00:31:21.910+03:00  INFO 13964 --- [restartedMain] o.apache.catalina.core.StandardService   : Starting service [Tomcat]
2025-02-03T00:31:21.911+03:00  INFO 13964 --- [restartedMain] o.apache.catalina.core.StandardEngine    : Starting Servlet engine: [Apache Tomcat/10.1.34]
2025-02-03T00:31:21.976+03:00  INFO 13964 --- [restartedMain] o.a.c.c.C.[Tomcat].[localhost].[/]       : Initializing Spring embedded WebApplicationContext
2025-02-03T00:31:21.976+03:00  INFO 13964 --- [restartedMain] w.s.c.ServletWebServerApplicationContext : Root WebApplicationContext: initialization completed in 2069 ms
2025-02-03T00:31:22.168+03:00  INFO 13964 --- [restartedMain] com.zaxxer.hikari.HikariDataSource       : HikariPool-1 - Starting...
2025-02-03T00:31:22.481+03:00  INFO 13964 --- [restartedMain] com.zaxxer.hikari.pool.HikariPool        : HikariPool-1 - Added connection com.mysql.cj.jdbc.ConnectionImpl@73c669eb
2025-02-03T00:31:22.483+03:00  INFO 13964 --- [restartedMain] com.zaxxer.hikari.HikariDataSource       : HikariPool-1 - Start completed.
2025-02-03T00:31:23.140+03:00  INFO 13964 --- [restartedMain] liquibase.changelog                      : Reading resource: db/changelog/0001-create-user-table.xml
2025-02-03T00:31:23.165+03:00  INFO 13964 --- [restartedMain] liquibase.changelog                      : Reading resource: db/changelog/0002-create-category-table.xml
2025-02-03T00:31:23.178+03:00  INFO 13964 --- [restartedMain] liquibase.changelog                      : Reading resource: db/changelog/0003-create-service-table.xml
2025-02-03T00:31:23.190+03:00  INFO 13964 --- [restartedMain] liquibase.changelog                      : Reading resource: db/changelog/0004-create-product-table.xml
2025-02-03T00:31:23.199+03:00  INFO 13964 --- [restartedMain] liquibase.changelog                      : Reading resource: db/changelog/0005-create-order-table.xml
2025-02-03T00:31:23.391+03:00  INFO 13964 --- [restartedMain] liquibase.changelog                      : Reading from vector_service.databasechangelog
2025-02-03T00:31:23.454+03:00  INFO 13964 --- [restartedMain] liquibase.ui                             : Database is up to date, no changesets to execute
2025-02-03T00:31:23.458+03:00  INFO 13964 --- [restartedMain] liquibase.changelog                      : Reading from vector_service.databasechangelog
2025-02-03T00:31:23.467+03:00  INFO 13964 --- [restartedMain] liquibase.util                           : UPDATE SUMMARY
2025-02-03T00:31:23.467+03:00  INFO 13964 --- [restartedMain] liquibase.util                           : Run:                          0
2025-02-03T00:31:23.468+03:00  INFO 13964 --- [restartedMain] liquibase.util                           : Previously run:               5
2025-02-03T00:31:23.468+03:00  INFO 13964 --- [restartedMain] liquibase.util                           : Filtered out:                 0
2025-02-03T00:31:23.469+03:00  INFO 13964 --- [restartedMain] liquibase.util                           : -------------------------------
2025-02-03T00:31:23.469+03:00  INFO 13964 --- [restartedMain] liquibase.util                           : Total change sets:            5
2025-02-03T00:31:23.471+03:00  INFO 13964 --- [restartedMain] liquibase.util                           : Update summary generated
2025-02-03T00:31:23.472+03:00  INFO 13964 --- [restartedMain] liquibase.command                        : Command execution complete
2025-02-03T00:31:23.557+03:00  INFO 13964 --- [restartedMain] o.hibernate.jpa.internal.util.LogHelper  : HHH000204: Processing PersistenceUnitInfo [name: default]
2025-02-03T00:31:23.648+03:00  INFO 13964 --- [restartedMain] org.hibernate.Version                    : HHH000412: Hibernate ORM core version 6.6.5.Final
2025-02-03T00:31:23.698+03:00  INFO 13964 --- [restartedMain] o.h.c.internal.RegionFactoryInitiator    : HHH000026: Second-level cache disabled
2025-02-03T00:31:24.299+03:00  INFO 13964 --- [restartedMain] o.s.o.j.p.SpringPersistenceUnitInfo      : No LoadTimeWeaver setup: ignoring JPA class transformer
2025-02-03T00:31:24.474+03:00  INFO 13964 --- [restartedMain] org.hibernate.orm.connections.pooling    : HHH10001005: Database info:
	Database JDBC URL [Connecting through datasource 'HikariDataSource (HikariPool-1)']
	Database driver: undefined/unknown
	Database version: 8.0.36
	Autocommit mode: undefined/unknown
	Isolation level: undefined/unknown
	Minimum pool size: undefined/unknown
	Maximum pool size: undefined/unknown
2025-02-03T00:31:26.189+03:00  INFO 13964 --- [restartedMain] o.h.e.t.j.p.i.JtaPlatformInitiator       : HHH000489: No JTA platform available (set 'hibernate.transaction.jta.platform' to enable JTA platform integration)
2025-02-03T00:31:26.193+03:00  INFO 13964 --- [restartedMain] j.LocalContainerEntityManagerFactoryBean : Initialized JPA EntityManagerFactory for persistence unit 'default'
2025-02-03T00:31:26.710+03:00  WARN 13964 --- [restartedMain] o.thymeleaf.templatemode.TemplateMode    : [THYMELEAF][restartedMain] Unknown Template Mode 'HTML5'. Must be one of: 'HTML', 'XML', 'TEXT', 'JAVASCRIPT', 'CSS', 'RAW'. Using default Template Mode 'HTML'.
2025-02-03T00:31:26.749+03:00  WARN 13964 --- [restartedMain] JpaBaseConfiguration$JpaWebConfiguration : spring.jpa.open-in-view is enabled by default. Therefore, database queries may be performed during view rendering. Explicitly configure spring.jpa.open-in-view to disable this warning
2025-02-03T00:31:26.809+03:00  INFO 13964 --- [restartedMain] eAuthenticationProviderManagerConfigurer : Global AuthenticationManager configured with AuthenticationProvider bean with name authenticationProvider
2025-02-03T00:31:26.809+03:00  WARN 13964 --- [restartedMain] r$InitializeUserDetailsManagerConfigurer : Global AuthenticationManager configured with an AuthenticationProvider bean. UserDetailsService beans will not be used by Spring Security for automatically configuring username/password login. Consider removing the AuthenticationProvider bean. Alternatively, consider using the UserDetailsService in a manually instantiated DaoAuthenticationProvider. If the current configuration is intentional, to turn off this warning, increase the logging level of 'org.springframework.security.config.annotation.authentication.configuration.InitializeUserDetailsBeanManagerConfigurer' to ERROR
2025-02-03T00:31:27.466+03:00  INFO 13964 --- [restartedMain] o.s.b.d.a.OptionalLiveReloadServer       : LiveReload server is running on port 35729
2025-02-03T00:31:27.519+03:00  INFO 13964 --- [restartedMain] o.s.b.w.embedded.tomcat.TomcatWebServer  : Tomcat started on port 8080 (http) with context path '/'
2025-02-03T00:31:27.535+03:00  INFO 13964 --- [restartedMain] c.v.v.VectorServiceApplication           : Started VectorServiceApplication in 8.564 seconds (process running for 9.677)
2025-02-03T00:31:27.628+03:00  INFO 13964 --- [http-nio-8080-exec-1] o.a.c.c.C.[Tomcat].[localhost].[/]       : Initializing Spring DispatcherServlet 'dispatcherServlet'
2025-02-03T00:31:27.628+03:00  INFO 13964 --- [http-nio-8080-exec-1] o.s.web.servlet.DispatcherServlet        : Initializing Servlet 'dispatcherServlet'
2025-02-03T00:31:27.631+03:00  INFO 13964 --- [http-nio-8080-exec-1] o.s.web.servlet.DispatcherServlet        : Completed initialization in 3 ms
2025-02-03T00:31:27.898+03:00  WARN 13964 --- [http-nio-8080-exec-1] o.t.s.p.StandardIncludeTagProcessor      : [THYMELEAF][http-nio-8080-exec-1][loginPage] Deprecated attribute {th:include,data-th-include} found in template loginPage, line 10, col 47. Please use {th:insert,data-th-insert} instead, this deprecated attribute will be removed in future versions of Thymeleaf.
2025-02-03T00:31:27.913+03:00  WARN 13964 --- [http-nio-8080-exec-1] actStandardFragmentInsertionTagProcessor : [THYMELEAF][http-nio-8080-exec-1][loginPage] Deprecated unwrapped fragment expression "fragment/fragments.html::language" found in template loginPage, line 10, col 47. Please use the complete syntax of fragment expressions instead ("~{fragment/fragments.html::language}"). The old, unwrapped syntax for fragment expressions will be removed in future versions of Thymeleaf.
2025-02-03T00:31:46.520+03:00  WARN 13964 --- [http-nio-8080-exec-4] o.t.s.p.StandardIncludeTagProcessor      : [THYMELEAF][http-nio-8080-exec-4][loginPage] Deprecated attribute {th:include,data-th-include} found in template loginPage, line 10, col 47. Please use {th:insert,data-th-insert} instead, this deprecated attribute will be removed in future versions of Thymeleaf.
2025-02-03T00:31:46.520+03:00  WARN 13964 --- [http-nio-8080-exec-4] actStandardFragmentInsertionTagProcessor : [THYMELEAF][http-nio-8080-exec-4][loginPage] Deprecated unwrapped fragment expression "fragment/fragments.html::language" found in template loginPage, line 10, col 47. Please use the complete syntax of fragment expressions instead ("~{fragment/fragments.html::language}"). The old, unwrapped syntax for fragment expressions will be removed in future versions of Thymeleaf.
2025-02-03T00:33:14.660+03:00  INFO 13964 --- [SpringApplicationShutdownHook] o.s.b.w.e.tomcat.GracefulShutdown        : Commencing graceful shutdown. Waiting for active requests to complete
2025-02-03T00:33:15.053+03:00  INFO 13964 --- [tomcat-shutdown] o.s.b.w.e.tomcat.GracefulShutdown        : Graceful shutdown complete
2025-02-03T00:33:15.057+03:00  INFO 13964 --- [SpringApplicationShutdownHook] j.LocalContainerEntityManagerFactoryBean : Closing JPA EntityManagerFactory for persistence unit 'default'
2025-02-03T00:33:15.061+03:00  INFO 13964 --- [SpringApplicationShutdownHook] com.zaxxer.hikari.HikariDataSource       : HikariPool-1 - Shutdown initiated...
2025-02-03T00:33:15.069+03:00  INFO 13964 --- [SpringApplicationShutdownHook] com.zaxxer.hikari.HikariDataSource       : HikariPool-1 - Shutdown completed.
2025-02-03T00:35:12.018+03:00  INFO 6624 --- [restartedMain] c.v.v.VectorServiceApplication           : Starting VectorServiceApplication using Java 17.0.13 with PID 6624 (C:\Users\hovoe\IdeaProjects\Java 2025 Spring\vector-service\target\classes started by hovoe in C:\Users\hovoe\IdeaProjects\Java 2025 Spring\vector-service)
2025-02-03T00:35:12.022+03:00  INFO 6624 --- [restartedMain] c.v.v.VectorServiceApplication           : No active profile set, falling back to 1 default profile: "default"
2025-02-03T00:35:12.096+03:00  INFO 6624 --- [restartedMain] .e.DevToolsPropertyDefaultsPostProcessor : Devtools property defaults active! Set 'spring.devtools.add-properties' to 'false' to disable
2025-02-03T00:35:12.096+03:00  INFO 6624 --- [restartedMain] .e.DevToolsPropertyDefaultsPostProcessor : For additional web related logging consider setting the 'logging.level.web' property to 'DEBUG'
2025-02-03T00:35:13.489+03:00  INFO 6624 --- [restartedMain] .s.d.r.c.RepositoryConfigurationDelegate : Bootstrapping Spring Data JPA repositories in DEFAULT mode.
2025-02-03T00:35:13.627+03:00  INFO 6624 --- [restartedMain] .s.d.r.c.RepositoryConfigurationDelegate : Finished Spring Data repository scanning in 117 ms. Found 5 JPA repository interfaces.
2025-02-03T00:35:14.643+03:00  INFO 6624 --- [restartedMain] o.s.b.w.embedded.tomcat.TomcatWebServer  : Tomcat initialized with port 8080 (http)
2025-02-03T00:35:14.656+03:00  INFO 6624 --- [restartedMain] o.apache.catalina.core.StandardService   : Starting service [Tomcat]
2025-02-03T00:35:14.657+03:00  INFO 6624 --- [restartedMain] o.apache.catalina.core.StandardEngine    : Starting Servlet engine: [Apache Tomcat/10.1.34]
2025-02-03T00:35:14.716+03:00  INFO 6624 --- [restartedMain] o.a.c.c.C.[Tomcat].[localhost].[/]       : Initializing Spring embedded WebApplicationContext
2025-02-03T00:35:14.717+03:00  INFO 6624 --- [restartedMain] w.s.c.ServletWebServerApplicationContext : Root WebApplicationContext: initialization completed in 2620 ms
2025-02-03T00:35:14.810+03:00  WARN 6624 --- [restartedMain] o.a.c.c.C.[Tomcat].[localhost].[/]       : Cannot deserialize session attribute [SPRING_SECURITY_CONTEXT] for session [81549EC2885A3EF0E734701D8CD7DCC7]
2025-02-03T00:35:14.997+03:00  INFO 6624 --- [restartedMain] com.zaxxer.hikari.HikariDataSource       : HikariPool-1 - Starting...
2025-02-03T00:35:15.443+03:00  INFO 6624 --- [restartedMain] com.zaxxer.hikari.pool.HikariPool        : HikariPool-1 - Added connection com.mysql.cj.jdbc.ConnectionImpl@6c2bf75e
2025-02-03T00:35:15.446+03:00  INFO 6624 --- [restartedMain] com.zaxxer.hikari.HikariDataSource       : HikariPool-1 - Start completed.
2025-02-03T00:35:16.172+03:00  INFO 6624 --- [restartedMain] liquibase.changelog                      : Reading resource: db/changelog/0001-create-user-table.xml
2025-02-03T00:35:16.206+03:00  INFO 6624 --- [restartedMain] liquibase.changelog                      : Reading resource: db/changelog/0002-create-category-table.xml
2025-02-03T00:35:16.221+03:00  INFO 6624 --- [restartedMain] liquibase.changelog                      : Reading resource: db/changelog/0003-create-service-table.xml
2025-02-03T00:35:16.234+03:00  INFO 6624 --- [restartedMain] liquibase.changelog                      : Reading resource: db/changelog/0004-create-product-table.xml
2025-02-03T00:35:16.246+03:00  INFO 6624 --- [restartedMain] liquibase.changelog                      : Reading resource: db/changelog/0005-create-order-table.xml
2025-02-03T00:35:16.442+03:00  INFO 6624 --- [restartedMain] liquibase.changelog                      : Reading from vector_service.databasechangelog
2025-02-03T00:35:16.497+03:00  INFO 6624 --- [restartedMain] liquibase.ui                             : Database is up to date, no changesets to execute
2025-02-03T00:35:16.500+03:00  INFO 6624 --- [restartedMain] liquibase.changelog                      : Reading from vector_service.databasechangelog
2025-02-03T00:35:16.509+03:00  INFO 6624 --- [restartedMain] liquibase.util                           : UPDATE SUMMARY
2025-02-03T00:35:16.510+03:00  INFO 6624 --- [restartedMain] liquibase.util                           : Run:                          0
2025-02-03T00:35:16.510+03:00  INFO 6624 --- [restartedMain] liquibase.util                           : Previously run:               5
2025-02-03T00:35:16.510+03:00  INFO 6624 --- [restartedMain] liquibase.util                           : Filtered out:                 0
2025-02-03T00:35:16.510+03:00  INFO 6624 --- [restartedMain] liquibase.util                           : -------------------------------
2025-02-03T00:35:16.510+03:00  INFO 6624 --- [restartedMain] liquibase.util                           : Total change sets:            5
2025-02-03T00:35:16.511+03:00  INFO 6624 --- [restartedMain] liquibase.util                           : Update summary generated
2025-02-03T00:35:16.512+03:00  INFO 6624 --- [restartedMain] liquibase.command                        : Command execution complete
2025-02-03T00:35:16.586+03:00  INFO 6624 --- [restartedMain] o.hibernate.jpa.internal.util.LogHelper  : HHH000204: Processing PersistenceUnitInfo [name: default]
2025-02-03T00:35:16.675+03:00  INFO 6624 --- [restartedMain] org.hibernate.Version                    : HHH000412: Hibernate ORM core version 6.6.5.Final
2025-02-03T00:35:16.749+03:00  INFO 6624 --- [restartedMain] o.h.c.internal.RegionFactoryInitiator    : HHH000026: Second-level cache disabled
2025-02-03T00:35:17.125+03:00  INFO 6624 --- [restartedMain] o.s.o.j.p.SpringPersistenceUnitInfo      : No LoadTimeWeaver setup: ignoring JPA class transformer
2025-02-03T00:35:17.221+03:00  INFO 6624 --- [restartedMain] org.hibernate.orm.connections.pooling    : HHH10001005: Database info:
	Database JDBC URL [Connecting through datasource 'HikariDataSource (HikariPool-1)']
	Database driver: undefined/unknown
	Database version: 8.0.36
	Autocommit mode: undefined/unknown
	Isolation level: undefined/unknown
	Minimum pool size: undefined/unknown
	Maximum pool size: undefined/unknown
2025-02-03T00:35:18.383+03:00  INFO 6624 --- [restartedMain] o.h.e.t.j.p.i.JtaPlatformInitiator       : HHH000489: No JTA platform available (set 'hibernate.transaction.jta.platform' to enable JTA platform integration)
2025-02-03T00:35:18.387+03:00  INFO 6624 --- [restartedMain] j.LocalContainerEntityManagerFactoryBean : Initialized JPA EntityManagerFactory for persistence unit 'default'
2025-02-03T00:35:18.766+03:00  WARN 6624 --- [restartedMain] o.thymeleaf.templatemode.TemplateMode    : [THYMELEAF][restartedMain] Unknown Template Mode 'HTML5'. Must be one of: 'HTML', 'XML', 'TEXT', 'JAVASCRIPT', 'CSS', 'RAW'. Using default Template Mode 'HTML'.
2025-02-03T00:35:18.819+03:00  WARN 6624 --- [restartedMain] JpaBaseConfiguration$JpaWebConfiguration : spring.jpa.open-in-view is enabled by default. Therefore, database queries may be performed during view rendering. Explicitly configure spring.jpa.open-in-view to disable this warning
2025-02-03T00:35:18.883+03:00  INFO 6624 --- [restartedMain] eAuthenticationProviderManagerConfigurer : Global AuthenticationManager configured with AuthenticationProvider bean with name authenticationProvider
2025-02-03T00:35:18.884+03:00  WARN 6624 --- [restartedMain] r$InitializeUserDetailsManagerConfigurer : Global AuthenticationManager configured with an AuthenticationProvider bean. UserDetailsService beans will not be used by Spring Security for automatically configuring username/password login. Consider removing the AuthenticationProvider bean. Alternatively, consider using the UserDetailsService in a manually instantiated DaoAuthenticationProvider. If the current configuration is intentional, to turn off this warning, increase the logging level of 'org.springframework.security.config.annotation.authentication.configuration.InitializeUserDetailsBeanManagerConfigurer' to ERROR
2025-02-03T00:35:19.532+03:00  INFO 6624 --- [restartedMain] o.s.b.d.a.OptionalLiveReloadServer       : LiveReload server is running on port 35729
2025-02-03T00:35:19.572+03:00  INFO 6624 --- [restartedMain] o.s.b.w.embedded.tomcat.TomcatWebServer  : Tomcat started on port 8080 (http) with context path '/'
2025-02-03T00:35:19.584+03:00  INFO 6624 --- [restartedMain] c.v.v.VectorServiceApplication           : Started VectorServiceApplication in 8.619 seconds (process running for 9.723)
2025-02-03T00:35:29.423+03:00  INFO 6624 --- [http-nio-8080-exec-1] o.a.c.c.C.[Tomcat].[localhost].[/]       : Initializing Spring DispatcherServlet 'dispatcherServlet'
2025-02-03T00:35:29.424+03:00  INFO 6624 --- [http-nio-8080-exec-1] o.s.web.servlet.DispatcherServlet        : Initializing Servlet 'dispatcherServlet'
2025-02-03T00:35:29.426+03:00  INFO 6624 --- [http-nio-8080-exec-1] o.s.web.servlet.DispatcherServlet        : Completed initialization in 2 ms
2025-02-03T00:35:29.900+03:00  WARN 6624 --- [http-nio-8080-exec-1] o.t.s.p.StandardIncludeTagProcessor      : [THYMELEAF][http-nio-8080-exec-1][loginPage] Deprecated attribute {th:include,data-th-include} found in template loginPage, line 10, col 47. Please use {th:insert,data-th-insert} instead, this deprecated attribute will be removed in future versions of Thymeleaf.
2025-02-03T00:35:29.919+03:00  WARN 6624 --- [http-nio-8080-exec-1] actStandardFragmentInsertionTagProcessor : [THYMELEAF][http-nio-8080-exec-1][loginPage] Deprecated unwrapped fragment expression "fragment/fragments.html::language" found in template loginPage, line 10, col 47. Please use the complete syntax of fragment expressions instead ("~{fragment/fragments.html::language}"). The old, unwrapped syntax for fragment expressions will be removed in future versions of Thymeleaf.
2025-02-03T00:35:33.508+03:00  WARN 6624 --- [http-nio-8080-exec-3] o.t.s.p.StandardIncludeTagProcessor      : [THYMELEAF][http-nio-8080-exec-3][loginPage] Deprecated attribute {th:include,data-th-include} found in template loginPage, line 10, col 47. Please use {th:insert,data-th-insert} instead, this deprecated attribute will be removed in future versions of Thymeleaf.
2025-02-03T00:35:33.508+03:00  WARN 6624 --- [http-nio-8080-exec-3] actStandardFragmentInsertionTagProcessor : [THYMELEAF][http-nio-8080-exec-3][loginPage] Deprecated unwrapped fragment expression "fragment/fragments.html::language" found in template loginPage, line 10, col 47. Please use the complete syntax of fragment expressions instead ("~{fragment/fragments.html::language}"). The old, unwrapped syntax for fragment expressions will be removed in future versions of Thymeleaf.
2025-02-03T00:35:43.480+03:00  WARN 6624 --- [http-nio-8080-exec-5] o.t.s.p.StandardIncludeTagProcessor      : [THYMELEAF][http-nio-8080-exec-5][home] Deprecated attribute {th:include,data-th-include} found in template home, line 11, col 59. Please use {th:insert,data-th-insert} instead, this deprecated attribute will be removed in future versions of Thymeleaf.
2025-02-03T00:35:43.482+03:00  WARN 6624 --- [http-nio-8080-exec-5] actStandardFragmentInsertionTagProcessor : [THYMELEAF][http-nio-8080-exec-5][home] Deprecated unwrapped fragment expression "fragment/fragments.html::language" found in template home, line 11, col 59. Please use the complete syntax of fragment expressions instead ("~{fragment/fragments.html::language}"). The old, unwrapped syntax for fragment expressions will be removed in future versions of Thymeleaf.
2025-02-03T00:35:45.593+03:00  WARN 6624 --- [http-nio-8080-exec-8] o.t.s.p.StandardIncludeTagProcessor      : [THYMELEAF][http-nio-8080-exec-8][loginPage] Deprecated attribute {th:include,data-th-include} found in template loginPage, line 10, col 47. Please use {th:insert,data-th-insert} instead, this deprecated attribute will be removed in future versions of Thymeleaf.
2025-02-03T00:35:45.594+03:00  WARN 6624 --- [http-nio-8080-exec-8] actStandardFragmentInsertionTagProcessor : [THYMELEAF][http-nio-8080-exec-8][loginPage] Deprecated unwrapped fragment expression "fragment/fragments.html::language" found in template loginPage, line 10, col 47. Please use the complete syntax of fragment expressions instead ("~{fragment/fragments.html::language}"). The old, unwrapped syntax for fragment expressions will be removed in future versions of Thymeleaf.
2025-02-03T00:35:59.003+03:00  INFO 6624 --- [http-nio-8080-exec-2] c.v.v.controller.HomeController          : user with hovo.ghost@gmail.com email logged in
2025-02-03T00:35:59.015+03:00  WARN 6624 --- [http-nio-8080-exec-3] o.t.s.p.StandardIncludeTagProcessor      : [THYMELEAF][http-nio-8080-exec-3][home] Deprecated attribute {th:include,data-th-include} found in template home, line 11, col 59. Please use {th:insert,data-th-insert} instead, this deprecated attribute will be removed in future versions of Thymeleaf.
2025-02-03T00:35:59.016+03:00  WARN 6624 --- [http-nio-8080-exec-3] actStandardFragmentInsertionTagProcessor : [THYMELEAF][http-nio-8080-exec-3][home] Deprecated unwrapped fragment expression "fragment/fragments.html::language" found in template home, line 11, col 59. Please use the complete syntax of fragment expressions instead ("~{fragment/fragments.html::language}"). The old, unwrapped syntax for fragment expressions will be removed in future versions of Thymeleaf.
2025-02-03T00:36:14.032+03:00  WARN 6624 --- [http-nio-8080-exec-6] o.t.s.p.StandardIncludeTagProcessor      : [THYMELEAF][http-nio-8080-exec-6][home] Deprecated attribute {th:include,data-th-include} found in template home, line 11, col 59. Please use {th:insert,data-th-insert} instead, this deprecated attribute will be removed in future versions of Thymeleaf.
2025-02-03T00:36:14.035+03:00  WARN 6624 --- [http-nio-8080-exec-6] actStandardFragmentInsertionTagProcessor : [THYMELEAF][http-nio-8080-exec-6][home] Deprecated unwrapped fragment expression "fragment/fragments.html::language" found in template home, line 11, col 59. Please use the complete syntax of fragment expressions instead ("~{fragment/fragments.html::language}"). The old, unwrapped syntax for fragment expressions will be removed in future versions of Thymeleaf.
2025-02-03T00:36:21.151+03:00  INFO 6624 --- [SpringApplicationShutdownHook] o.s.b.w.e.tomcat.GracefulShutdown        : Commencing graceful shutdown. Waiting for active requests to complete
2025-02-03T00:36:21.495+03:00  INFO 6624 --- [tomcat-shutdown] o.s.b.w.e.tomcat.GracefulShutdown        : Graceful shutdown complete
2025-02-03T00:36:21.501+03:00  INFO 6624 --- [SpringApplicationShutdownHook] j.LocalContainerEntityManagerFactoryBean : Closing JPA EntityManagerFactory for persistence unit 'default'
2025-02-03T00:36:21.506+03:00  INFO 6624 --- [SpringApplicationShutdownHook] com.zaxxer.hikari.HikariDataSource       : HikariPool-1 - Shutdown initiated...
2025-02-03T00:36:21.517+03:00  INFO 6624 --- [SpringApplicationShutdownHook] com.zaxxer.hikari.HikariDataSource       : HikariPool-1 - Shutdown completed.
